SF:lib/src/isolate_manager.dart
DA:33,0
DA:34,0
DA:37,3
DA:51,1
DA:66,1
DA:90,1
DA:100,1
DA:126,1
DA:156,1
DA:158,2
DA:161,2
DA:164,3
DA:167,1
DA:169,1
DA:171,1
DA:172,1
DA:173,3
DA:174,1
DA:175,1
DA:176,1
DA:177,1
DA:178,1
DA:179,1
DA:180,1
DA:181,5
DA:186,1
DA:187,1
DA:188,3
DA:189,1
DA:190,1
DA:191,1
DA:192,1
DA:193,1
DA:194,1
DA:195,5
DA:200,5
DA:201,1
DA:204,2
DA:206,1
DA:209,2
DA:213,1
DA:214,1
DA:215,2
DA:216,2
DA:217,1
DA:218,4
DA:219,2
DA:220,2
DA:224,1
DA:225,1
DA:226,2
DA:230,1
DA:231,1
DA:232,1
DA:236,0
DA:237,0
DA:256,1
DA:257,1
DA:259,1
DA:260,2
DA:262,1
DA:264,2
DA:268,1
DA:269,4
DA:270,3
DA:272,5
DA:273,2
DA:274,1
DA:280,1
DA:282,1
DA:283,1
DA:285,1
DA:289,1
DA:292,2
DA:295,3
DA:297,1
DA:298,3
DA:299,1
DA:300,1
DA:302,2
DA:304,3
DA:305,2
DA:307,0
DA:308,0
DA:310,0
DA:313,0
DA:314,0
DA:316,2
DA:318,2
DA:321,1
DA:324,2
DA:327,4
DA:329,2
DA:332,3
DA:333,2
DA:334,2
DA:336,2
DA:339,3
DA:340,2
DA:343,2
DA:347,1
DA:348,3
LF:102
LH:93
end_of_record
SF:lib/src/isolate_manager_controller.dart
DA:12,1
DA:16,2
DA:23,0
DA:24,0
DA:27,0
DA:28,0
DA:31,1
DA:32,2
DA:35,1
DA:36,2
DA:39,0
DA:40,0
DA:43,0
DA:44,0
DA:47,0
DA:48,0
DA:51,1
DA:52,2
DA:55,0
DA:57,0
LF:20
LH:8
end_of_record
SF:lib/src/utils.dart
DA:17,1
LF:1
LH:1
end_of_record
